Arguments: 
  C:\Program Files\nodejs\node.exe C:\Users\User\AppData\Roaming\npm\node_modules\yarn\bin\yarn.js run nodemon server.js

PATH: 
  C:\Program Files (x86)\VMware\VMware Workstation\bin\;C:\Program Files (x86)\Common Files\Oracle\Java\javapath;C:\ProgramData\Oracle\Java\javapath;C:\WINDOWS\system32;C:\WINDOWS;C:\WINDOWS\System32\Wbem;C:\WINDOWS\System32\WindowsPowerShell\v1.0\;C:\WINDOWS\System32\OpenSSH\;C:\webdrivers;C:\Program Files\Java\jdk1.8.0_301\bin;C:\Program Files\Git\cmd;C:\ProgramData\chocolatey\bin;C:\Program Files\CMake\bin;C:\Program Files\nodejs\;C:\Users\User\AppData\Local\Microsoft\WindowsApps;C:\Users\User\AppData\Local\Programs\Microsoft VS Code\bin;C:\Program Files\JetBrains\IntelliJ IDEA Educational Edition 2021.2\bin;;C:\MinGW\bin;C:\Users\User\AppData\Roaming\npm

Yarn version: 
  1.22.11

Node version: 
  14.18.1

Platform: 
  win32 x64

Trace: 
  SyntaxError: C:\Users\User\Desktop\gitingore\Project-Web\backend\package.json: Unexpected token } in JSON at position 168
      at JSON.parse (<anonymous>)
      at C:\Users\User\AppData\Roaming\npm\node_modules\yarn\lib\cli.js:1625:59
      at Generator.next (<anonymous>)
      at step (C:\Users\User\AppData\Roaming\npm\node_modules\yarn\lib\cli.js:310:30)
      at C:\Users\User\AppData\Roaming\npm\node_modules\yarn\lib\cli.js:321:13

npm manifest: 
  {
    "name": "backend",
    "version": "1.0.0",
    "description": "",
    "main": "index.js",
    "scripts": {
      "test": "echo \"Error: no test specified\" && exit 1",
     
    },
    "keywords": [],
    "author": "",
    "license": "ISC",
    "dependencies": {
      "cors": "^2.8.5",
      "dotenv": "^10.0.0",
      "express": "^4.17.2",
      "mongoose": "^6.1.5"
    }
  }

yarn manifest: 
  No manifest

Lockfile: 
  No lockfile
